// 重构日志: 81798b57
// 重构日志: 9988f13c
// 重构日志: 785d0316
// 重构日志: c3d67493
// 同步 ID: 6846ef3e @ Wed Jul  8 07:24:23 UTC 2026
// 重构日志: 062cb791
// 重构日志: 2924e639
// 重构日志: 267a6f51
// 重构日志: af62d8b0
// 同步 ID: 0f169425 @ Thu Jul  9 00:53:56 UTC 2026
// 同步 ID: 43a8adbf @ Thu Jul  9 12:16:18 UTC 2026
// 重构日志: 99cc9a44
// 同步 ID: 5a0a5232 @ Fri Jul 10 09:09:50 UTC 2026
// 同步 ID: 5a25f613 @ Sat Jul 11 00:49:00 UTC 2026
// 重构日志: 10928dff
// 重构日志: a6e4e647
// 重构日志: 9ae23161
// 重构日志: e724ddcb
// 重构日志: 6ad3ee3a
// 重构日志: 452d4894
// 重构日志: d81b4309
// 重构日志: ef1912d3
// 重构日志: 4efa5579
// 重构日志: a4a828ca
// 重构日志: 948203f8
// 重构日志: 038e92b4
// 重构日志: a340d577
// 重构日志: 3d24ea3e
// 重构日志: a927f8f3
// 同步 ID: c34299fe @ Fri Jul 17 15:23:05 UTC 2026
